<?xml version="1.0" encoding="UTF-8"?>
<!-- Generated by org.testng.reporters.JUnitReportReporter -->
<testsuite skipped="0" hostname="BrahmanandaReddy" name="com.qa.tests.LoginTest" tests="1" failures="0" timestamp="13 Jun 2018 14:03:12 GMT" time="0.029" errors="0">
  <testcase name="test1" time="0.029" classname="com.qa.tests.LoginTest"/>
</testsuite> <!-- com.qa.tests.LoginTest -->
